<?xml version="1.0" encoding="UTF-8"?>
<!-- Generated by org.testng.reporters.JUnitReportReporter -->
<testsuite hostname="ATMECSINLT-825" failures="0" tests="1" name="org.test.falconWebAutomation.testscript.Run_My_Colleague" time="89.314" errors="0" timestamp="25 Mar 2022 04:23:20 GMT" skipped="0">
  <testcase classname="org.test.falconWebAutomation.testscript.Run_My_Colleague" name="run" time="89.314"/>
</testsuite> <!-- org.test.falconWebAutomation.testscript.Run_My_Colleague -->
