<?xml version="1.0" encoding="UTF-8"?>
<!-- Generated by org.testng.reporters.JUnitReportReporter -->
<testsuite hostname="ATMECSINLT-825" failures="0" tests="1" name="org.test.falconWebAutomation.testscript.SampleJiraTestScript" time="0.006" errors="0" timestamp="14 Mar 2022 10:06:39 GMT" skipped="0">
  <testcase classname="org.test.falconWebAutomation.testscript.SampleJiraTestScript" name="sampleJiraTest" time="0.006"/>
</testsuite> <!-- org.test.falconWebAutomation.testscript.SampleJiraTestScript -->
