<?xml version="1.0" encoding="UTF-8"?>
<!-- Generated by org.testng.reporters.JUnitReportReporter -->
<testsuite hostname="ATMECSINLT-825" failures="0" tests="1" name="org.test.falconWebAutomation.testscript.Amazon" time="83.535" errors="0" timestamp="28 Feb 2022 04:51:33 GMT" skipped="0">
  <testcase classname="org.test.falconWebAutomation.testscript.Amazon" name="sampleTest" time="83.535"/>
</testsuite> <!-- org.test.falconWebAutomation.testscript.Amazon -->
